#! /usr/bin/vvp
:ivl_version "11.0 (stable)";
:ivl_delay_selection "TYPICAL";
:vpi_time_precision + 0;
:vpi_module "/usr/lib/x86_64-linux-gnu/ivl/system.vpi";
:vpi_module "/usr/lib/x86_64-linux-gnu/ivl/vhdl_sys.vpi";
:vpi_module "/usr/lib/x86_64-linux-gnu/ivl/vhdl_textio.vpi";
:vpi_module "/usr/lib/x86_64-linux-gnu/ivl/v2005_math.vpi";
:vpi_module "/usr/lib/x86_64-linux-gnu/ivl/va_math.vpi";
S_0x558778183bc0 .scope module, "circuito_de_prueba" "circuito_de_prueba" 2 22;
 .timescale 0 0;
v0x558778196a90_0 .var "D", 2 0;
v0x558778196b90_0 .net "F1", 0 0, L_0x558778197530;  1 drivers
v0x558778196c50_0 .net "F2", 0 0, L_0x558778197230;  1 drivers
L_0x558778197690 .part v0x558778196a90_0, 2, 1;
L_0x558778197730 .part v0x558778196a90_0, 1, 1;
L_0x558778197820 .part v0x558778196a90_0, 0, 1;
S_0x558778183d50 .scope module, "M1" "Circuito_fig_4_2" 2 27, 2 3 0, S_0x558778183bc0;
 .timescale 0 0;
    .port_info 0 /INPUT 1 "A";
    .port_info 1 /INPUT 1 "B";
    .port_info 2 /INPUT 1 "C";
    .port_info 3 /OUTPUT 1 "F1";
    .port_info 4 /OUTPUT 1 "F2";
L_0x558778196cf0 .functor OR 1, L_0x558778197690, L_0x558778197730, L_0x558778197820, C4<0>;
L_0x558778196e20 .functor AND 1, L_0x558778197690, L_0x558778197730, L_0x558778197820, C4<1>;
L_0x558778196f90 .functor AND 1, L_0x558778197690, L_0x558778197730, C4<1>, C4<1>;
L_0x558778197000 .functor AND 1, L_0x558778197690, L_0x558778197820, C4<1>, C4<1>;
L_0x5587781970a0 .functor AND 1, L_0x558778197730, L_0x558778197820, C4<1>, C4<1>;
L_0x558778197230 .functor OR 1, L_0x558778196f90, L_0x558778197000, L_0x5587781970a0, C4<0>;
L_0x558778197360 .functor NOT 1, L_0x558778197230, C4<0>, C4<0>, C4<0>;
L_0x5587781973d0 .functor AND 1, L_0x558778196cf0, L_0x558778197360, C4<1>, C4<1>;
L_0x558778197530 .functor OR 1, L_0x558778196e20, L_0x5587781973d0, C4<0>, C4<0>;
v0x558778181cf0_0 .net "A", 0 0, L_0x558778197690;  1 drivers
v0x558778196180_0 .net "B", 0 0, L_0x558778197730;  1 drivers
v0x558778196240_0 .net "C", 0 0, L_0x558778197820;  1 drivers
v0x5587781962e0_0 .net "E1", 0 0, L_0x558778196f90;  1 drivers
v0x5587781963a0_0 .net "E2", 0 0, L_0x558778197000;  1 drivers
v0x5587781964b0_0 .net "E3", 0 0, L_0x5587781970a0;  1 drivers
v0x558778196570_0 .net "F1", 0 0, L_0x558778197530;  alias, 1 drivers
v0x558778196630_0 .net "F2", 0 0, L_0x558778197230;  alias, 1 drivers
v0x5587781966f0_0 .net "F2_b", 0 0, L_0x558778197360;  1 drivers
v0x5587781967b0_0 .net "T1", 0 0, L_0x558778196cf0;  1 drivers
v0x558778196870_0 .net "T2", 0 0, L_0x558778196e20;  1 drivers
v0x558778196930_0 .net "T3", 0 0, L_0x5587781973d0;  1 drivers
    .scope S_0x558778183bc0;
T_0 ;
    %pushi/vec4 0, 0, 3;
    %store/vec4 v0x558778196a90_0, 0, 3;
    %pushi/vec4 7, 0, 32;
T_0.0 %dup/vec4;
    %pushi/vec4 0, 0, 32;
    %cmp/s;
    %jmp/1xz T_0.1, 5;
    %jmp/1 T_0.1, 4;
    %pushi/vec4 1, 0, 32;
    %sub;
    %delay 10, 0;
    %load/vec4 v0x558778196a90_0;
    %addi 1, 0, 3;
    %store/vec4 v0x558778196a90_0, 0, 3;
    %jmp T_0.0;
T_0.1 ;
    %pop/vec4 1;
    %end;
    .thread T_0;
    .scope S_0x558778183bc0;
T_1 ;
    %vpi_call 2 34 "$monitor", "ABC = %b F1 = %b F2 = %b", v0x558778196a90_0, v0x558778196b90_0, v0x558778196c50_0 {0 0 0};
    %end;
    .thread T_1;
# The file index is used to find the file name in the following table.
:file_names 3;
    "N/A";
    "<interactive>";
    "Figura_4_2.v";
