#! /usr/bin/vvp
:ivl_version "11.0 (stable)";
:ivl_delay_selection "TYPICAL";
:vpi_time_precision - 12;
:vpi_module "/usr/lib/x86_64-linux-gnu/ivl/system.vpi";
:vpi_module "/usr/lib/x86_64-linux-gnu/ivl/vhdl_sys.vpi";
:vpi_module "/usr/lib/x86_64-linux-gnu/ivl/vhdl_textio.vpi";
:vpi_module "/usr/lib/x86_64-linux-gnu/ivl/v2005_math.vpi";
:vpi_module "/usr/lib/x86_64-linux-gnu/ivl/va_math.vpi";
S_0x557869ee19e0 .scope module, "t_circuito_simple_con_retardo_de_prop" "t_circuito_simple_con_retardo_de_prop" 2 5;
 .timescale -9 -12;
v0x557869f070b0_0 .var "A", 0 0;
v0x557869f07170_0 .var "B", 0 0;
v0x557869f07240_0 .var "C", 0 0;
v0x557869f07340_0 .net "D", 0 0, L_0x557869f07890;  1 drivers
v0x557869f07410_0 .net "E", 0 0, L_0x557869f076e0;  1 drivers
S_0x557869ef52c0 .scope module, "M1" "circuito_simple_con_retardo_de_prop" 2 9, 3 5 0, S_0x557869ee19e0;
 .timescale -9 -12;
    .port_info 0 /INPUT 1 "A";
    .port_info 1 /INPUT 1 "B";
    .port_info 2 /INPUT 1 "C";
    .port_info 3 /OUTPUT 1 "D";
    .port_info 4 /OUTPUT 1 "E";
L_0x557869f07500/d .functor AND 1, v0x557869f070b0_0, v0x557869f07170_0, C4<1>, C4<1>;
L_0x557869f07500 .delay 1 (30000,30000,30000) L_0x557869f07500/d;
L_0x557869f076e0/d .functor NOT 1, v0x557869f07240_0, C4<0>, C4<0>, C4<0>;
L_0x557869f076e0 .delay 1 (10000,10000,10000) L_0x557869f076e0/d;
o0x7fa78d5cf108 .functor BUFZ 1, C4<z>; HiZ drive
L_0x557869f07890/d .functor OR 1, o0x7fa78d5cf108, L_0x557869f076e0, C4<0>, C4<0>;
L_0x557869f07890 .delay 1 (20000,20000,20000) L_0x557869f07890/d;
v0x557869ebdf30_0 .net "A", 0 0, v0x557869f070b0_0;  1 drivers
v0x557869f06b30_0 .net "B", 0 0, v0x557869f07170_0;  1 drivers
v0x557869f06bf0_0 .net "C", 0 0, v0x557869f07240_0;  1 drivers
v0x557869f06cc0_0 .net "D", 0 0, L_0x557869f07890;  alias, 1 drivers
v0x557869f06d80_0 .net "E", 0 0, L_0x557869f076e0;  alias, 1 drivers
v0x557869f06e90_0 .net "w1", 0 0, o0x7fa78d5cf108;  0 drivers
v0x557869f06f50_0 .net "wl", 0 0, L_0x557869f07500;  1 drivers
    .scope S_0x557869ee19e0;
T_0 ;
    %vpi_call 2 13 "$dumpfile", "t_Simple.vcd" {0 0 0};
    %vpi_call 2 14 "$dumpvars", 32'sb00000000000000000000000000000000, S_0x557869ee19e0 {0 0 0};
    %pushi/vec4 0, 0, 1;
    %store/vec4 v0x557869f070b0_0, 0, 1;
    %pushi/vec4 0, 0, 1;
    %store/vec4 v0x557869f07170_0, 0, 1;
    %pushi/vec4 0, 0, 1;
    %store/vec4 v0x557869f07240_0, 0, 1;
    %delay 100000, 0;
    %pushi/vec4 1, 0, 1;
    %store/vec4 v0x557869f070b0_0, 0, 1;
    %pushi/vec4 1, 0, 1;
    %store/vec4 v0x557869f07170_0, 0, 1;
    %pushi/vec4 1, 0, 1;
    %store/vec4 v0x557869f07240_0, 0, 1;
    %end;
    .thread T_0;
    .scope S_0x557869ee19e0;
T_1 ;
    %delay 200000, 0;
    %vpi_call 2 20 "$finish" {0 0 0};
    %end;
    .thread T_1;
# The file index is used to find the file name in the following table.
:file_names 4;
    "N/A";
    "<interactive>";
    "t_Simple.v";
    "Simple.v";
